# JRE version: OpenJDK Runtime Environment (8.0_152-b01) (build 1.8.0_152-release-915-b01)
# Java VM: OpenJDK 64-Bit Server VM (25.152-b01 mixed mode windows-amd64 compressed oops)
Heap:
 PSYoungGen      total 417792K, used 344633K [0x00000000e0000000, 0x00000000ff900000, 0x0000000100000000)
  eden space 327680K, 100% used [0x00000000e0000000,0x00000000f4000000,0x00000000f4000000)
  from space 90112K, 18% used [0x00000000fa100000,0x00000000fb18e428,0x00000000ff900000)
  to   space 94720K, 7% used [0x00000000f4000000,0x00000000f46f88c8,0x00000000f9c80000)
 ParOldGen       total 504832K, used 264612K [0x00000000a0000000, 0x00000000bed00000, 0x00000000e0000000)
  object space 504832K, 52% used [0x00000000a0000000,0x00000000b0269340,0x00000000bed00000)
 Metaspace       used 349428K, capacity 366866K, committed 367052K, reserved 1368064K
  class space    used 44881K, capacity 49115K, committed 49152K, reserved 1048576K
GC Heap History (10 events):
Event: 7879.703 GC heap after
Heap after GC invocations=74 (full 6):
 PSYoungGen      total 408576K, used 19726K [0x00000000e0000000, 0x00000000ffb00000, 0x0000000100000000)
  eden space 304128K, 0% used [0x00000000e0000000,0x00000000e0000000,0x00000000f2900000)
  from space 104448K, 18% used [0x00000000f9500000,0x00000000fa843940,0x00000000ffb00000)
  to   space 107520K, 0% used [0x00000000f2900000,0x00000000f2900000,0x00000000f9200000)
 ParOldGen       total 504832K, used 248561K [0x00000000a0000000, 0x00000000bed00000, 0x00000000e0000000)
  object space 504832K, 49% used [0x00000000a0000000,0x00000000af2bc438,0x00000000bed00000)
 Metaspace       used 293934K, capacity 309410K, committed 309708K, reserved 1316864K
  class space    used 37667K, capacity 41399K, committed 41472K, reserved 1048576K
}
Event: 7884.314 GC heap before
{Heap before GC invocations=75 (full 6):
 PSYoungGen      total 408576K, used 323854K [0x00000000e0000000, 0x00000000ffb00000, 0x0000000100000000)
  eden space 304128K, 100% used [0x00000000e0000000,0x00000000f2900000,0x00000000f2900000)
  from space 104448K, 18% used [0x00000000f9500000,0x00000000fa843940,0x00000000ffb00000)
  to   space 107520K, 0% used [0x00000000f2900000,0x00000000f2900000,0x00000000f9200000)
 ParOldGen       total 504832K, used 248561K [0x00000000a0000000, 0x00000000bed00000, 0x00000000e0000000)
  object space 504832K, 49% used [0x00000000a0000000,0x00000000af2bc438,0x00000000bed00000)
 Metaspace       used 307731K, capacity 323672K, committed 323916K, reserved 1329152K
  class space    used 39458K, capacity 43296K, committed 43392K, reserved 1048576K
Event: 7884.334 GC heap after
Heap after GC invocations=75 (full 6):
 PSYoungGen      total 411648K, used 16612K [0x00000000e0000000, 0x00000000fff00000, 0x0000000100000000)
  eden space 304128K, 0% used [0x00000000e0000000,0x00000000e0000000,0x00000000f2900000)
  from space 107520K, 15% used [0x00000000f2900000,0x00000000f39393b0,0x00000000f9200000)
  to   space 105472K, 0% used [0x00000000f9800000,0x00000000f9800000,0x00000000fff00000)
 ParOldGen       total 504832K, used 254378K [0x00000000a0000000, 0x00000000bed00000, 0x00000000e0000000)
  object space 504832K, 50% used [0x00000000a0000000,0x00000000af86a850,0x00000000bed00000)
 Metaspace       used 307731K, capacity 323672K, committed 323916K, reserved 1329152K
  class space    used 39458K, capacity 43296K, committed 43392K, reserved 1048576K
}
Event: 7974.595 GC heap before
{Heap before GC invocations=76 (full 6):
 PSYoungGen      total 411648K, used 320740K [0x00000000e0000000, 0x00000000fff00000, 0x0000000100000000)
  eden space 304128K, 100% used [0x00000000e0000000,0x00000000f2900000,0x00000000f2900000)
  from space 107520K, 15% used [0x00000000f2900000,0x00000000f39393b0,0x00000000f9200000)
  to   space 105472K, 0% used [0x00000000f9800000,0x00000000f9800000,0x00000000fff00000)
 ParOldGen       total 504832K, used 254378K [0x00000000a0000000, 0x00000000bed00000, 0x00000000e0000000)
  object space 504832K, 50% used [0x00000000a0000000,0x00000000af86a850,0x00000000bed00000)
 Metaspace       used 320513K, capacity 336800K, committed 337100K, reserved 1341440K
  class space    used 41112K, capacity 45024K, committed 45056K, reserved 1048576K
Event: 7974.635 GC heap after
Heap after GC invocations=76 (full 6):
 PSYoungGen      total 403456K, used 37091K [0x00000000e0000000, 0x00000000ff200000, 0x0000000100000000)
  eden space 311296K, 0% used [0x00000000e0000000,0x00000000e0000000,0x00000000f3000000)
  from space 92160K, 40% used [0x00000000f9800000,0x00000000fbc38ee0,0x00000000ff200000)
  to   space 99328K, 0% used [0x00000000f3000000,0x00000000f3000000,0x00000000f9100000)
 ParOldGen       total 504832K, used 257685K [0x00000000a0000000, 0x00000000bed00000, 0x00000000e0000000)
  object space 504832K, 51% used [0x00000000a0000000,0x00000000afba54e8,0x00000000bed00000)
 Metaspace       used 320513K, capacity 336800K, committed 337100K, reserved 1341440K
  class space    used 41112K, capacity 45024K, committed 45056K, reserved 1048576K
}
Event: 8015.734 GC heap before
{Heap before GC invocations=77 (full 6):
 PSYoungGen      total 403456K, used 347732K [0x00000000e0000000, 0x00000000ff200000, 0x0000000100000000)
  eden space 311296K, 99% used [0x00000000e0000000,0x00000000f2f5c470,0x00000000f3000000)
  from space 92160K, 40% used [0x00000000f9800000,0x00000000fbc38ee0,0x00000000ff200000)
  to   space 99328K, 0% used [0x00000000f3000000,0x00000000f3000000,0x00000000f9100000)
 ParOldGen       total 504832K, used 257685K [0x00000000a0000000, 0x00000000bed00000, 0x00000000e0000000)
  object space 504832K, 51% used [0x00000000a0000000,0x00000000afba54e8,0x00000000bed00000)
 Metaspace       used 321776K, capacity 338332K, committed 338636K, reserved 1343488K
  class space    used 41286K, capacity 45278K, committed 45312K, reserved 1048576K
Event: 8015.753 GC heap after
Heap after GC invocations=77 (full 6):
 PSYoungGen      total 410624K, used 18067K [0x00000000e0000000, 0x0000000100000000, 0x0000000100000000)
  eden space 311296K, 0% used [0x00000000e0000000,0x00000000e0000000,0x00000000f3000000)
  from space 99328K, 18% used [0x00000000f3000000,0x00000000f41a4e50,0x00000000f9100000)
  to   space 97280K, 0% used [0x00000000fa100000,0x00000000fa100000,0x0000000100000000)
 ParOldGen       total 504832K, used 260560K [0x00000000a0000000, 0x00000000bed00000, 0x00000000e0000000)
  object space 504832K, 51% used [0x00000000a0000000,0x00000000afe74188,0x00000000bed00000)
 Metaspace       used 321776K, capacity 338332K, committed 338636K, reserved 1343488K
  class space    used 41286K, capacity 45278K, committed 45312K, reserved 1048576K
}
Event: 8112.924 GC heap before
{Heap before GC invocations=78 (full 6):
 PSYoungGen      total 410624K, used 329363K [0x00000000e0000000, 0x0000000100000000, 0x0000000100000000)
  eden space 311296K, 100% used [0x00000000e0000000,0x00000000f3000000,0x00000000f3000000)
  from space 99328K, 18% used [0x00000000f3000000,0x00000000f41a4e50,0x00000000f9100000)
  to   space 97280K, 0% used [0x00000000fa100000,0x00000000fa100000,0x0000000100000000)
 ParOldGen       total 504832K, used 260560K [0x00000000a0000000, 0x00000000bed00000, 0x00000000e0000000)
  object space 504832K, 51% used [0x00000000a0000000,0x00000000afe74188,0x00000000bed00000)
 Metaspace       used 335631K, capacity 352674K, committed 352844K, reserved 1355776K
  class space    used 43091K, capacity 47219K, committed 47232K, reserved 1048576K
Event: 8112.945 GC heap after
Heap after GC invocations=78 (full 6):
 PSYoungGen      total 417792K, used 16953K [0x00000000e0000000, 0x00000000ff900000, 0x0000000100000000)
  eden space 327680K, 0% used [0x00000000e0000000,0x00000000e0000000,0x00000000f4000000)
  from space 90112K, 18% used [0x00000000fa100000,0x00000000fb18e428,0x00000000ff900000)
  to   space 94720K, 0% used [0x00000000f4000000,0x00000000f4000000,0x00000000f9c80000)
 ParOldGen       total 504832K, used 261060K [0x00000000a0000000, 0x00000000bed00000, 0x00000000e0000000)
  object space 504832K, 51% used [0x00000000a0000000,0x00000000afef12e8,0x00000000bed00000)
 Metaspace       used 335631K, capacity 352674K, committed 352844K, reserved 1355776K
  class space    used 43091K, capacity 47219K, committed 47232K, reserved 1048576K
}
Event: 8117.037 GC heap before
{Heap before GC invocations=79 (full 6):
 PSYoungGen      total 417792K, used 344633K [0x00000000e0000000, 0x00000000ff900000, 0x0000000100000000)
  eden space 327680K, 100% used [0x00000000e0000000,0x00000000f4000000,0x00000000f4000000)
  from space 90112K, 18% used [0x00000000fa100000,0x00000000fb18e428,0x00000000ff900000)
  to   space 94720K, 0% used [0x00000000f4000000,0x00000000f4000000,0x00000000f9c80000)
 ParOldGen       total 504832K, used 261060K [0x00000000a0000000, 0x00000000bed00000, 0x00000000e0000000)
  object space 504832K, 51% used [0x00000000a0000000,0x00000000afef12e8,0x00000000bed00000)
 Metaspace       used 349428K, capacity 366866K, committed 367052K, reserved 1368064K
  class space    used 44881K, capacity 49115K, committed 49152K, reserved 1048576K

